{"/Users/jcc/Desktop/Personal-React-Redux-Boilerplate/src/client/redux/example_reducer.js": {"path":"/Users/jcc/Desktop/Personal-React-Redux-Boilerplate/src/client/redux/example_reducer.js","statementMap":{"0":{"start":{"line":1,"column":30},"end":{"line":1,"column":46}},"1":{"start":{"line":4,"column":2},"end":{"line":4,"column":72}},"2":{"start":{"line":7,"column":21},"end":{"line":10,"column":1}},"3":{"start":{"line":13,"column":2},"end":{"line":19,"column":3}},"4":{"start":{"line":16,"column":6},"end":{"line":16,"column":25}},"5":{"start":{"line":18,"column":6},"end":{"line":18,"column":18}}},"fnMap":{"0":{"name":"exampleAction","decl":{"start":{"line":3,"column":16},"end":{"line":3,"column":29}},"loc":{"start":{"line":3,"column":32},"end":{"line":5,"column":1}},"line":3},"1":{"name":"(anonymous_1)","decl":{"start":{"line":12,"column":15},"end":{"line":12,"column":16}},"loc":{"start":{"line":12,"column":55},"end":{"line":20,"column":1}},"line":12}},"branchMap":{"0":{"loc":{"start":{"line":12,"column":25},"end":{"line":12,"column":45}},"type":"default-arg","locations":[{"start":{"line":12,"column":33},"end":{"line":12,"column":45}}],"line":12},"1":{"loc":{"start":{"line":13,"column":2},"end":{"line":19,"column":3}},"type":"switch","locations":[{"start":{"line":14,"column":4},"end":{"line":16,"column":25}},{"start":{"line":17,"column":4},"end":{"line":18,"column":18}}],"line":13}},"s":{"0":1,"1":1,"2":1,"3":0,"4":0,"5":0},"f":{"0":1,"1":0},"b":{"0":[0],"1":[0,0]},"_coverageSchema":"332fd63041d2c1bcb487cc26dd0d5f7d97098a6c","hash":"c7d8972d3c82d23a4a9b5d99a765a440b69aada6"}
}
